{"C:\\Users\\IIITB\\Documents\\JSONAware-IoTFuzzer\\Anonymous-Fuzz-IoT\\Examples\\Health-Monitor-Assert\\iotRuleEngine.js":{"path":"C:\\Users\\IIITB\\Documents\\JSONAware-IoTFuzzer\\Anonymous-Fuzz-IoT\\Examples\\Health-Monitor-Assert\\iotRuleEngine.js","statementMap":{"0":{"start":{"line":1,"column":13},"end":{"line":1,"column":28}},"1":{"start":{"line":2,"column":21},"end":{"line":2,"column":46}},"2":{"start":{"line":3,"column":24},"end":{"line":3,"column":52}},"3":{"start":{"line":6,"column":2},"end":{"line":7,"column":24}},"4":{"start":{"line":6,"column":8},"end":{"line":6,"column":31}},"5":{"start":{"line":7,"column":10},"end":{"line":7,"column":22}},"6":{"start":{"line":10,"column":15},"end":{"line":10,"column":52}},"7":{"start":{"line":12,"column":0},"end":{"line":17,"column":3}},"8":{"start":{"line":13,"column":2},"end":{"line":13,"column":39}},"9":{"start":{"line":14,"column":2},"end":{"line":14,"column":79}},"10":{"start":{"line":15,"column":2},"end":{"line":15,"column":75}},"11":{"start":{"line":16,"column":2},"end":{"line":16,"column":66}},"12":{"start":{"line":19,"column":0},"end":{"line":54,"column":3}},"13":{"start":{"line":20,"column":16},"end":{"line":20,"column":44}},"14":{"start":{"line":21,"column":0},"end":{"line":21,"column":38}},"15":{"start":{"line":23,"column":2},"end":{"line":23,"column":21}},"16":{"start":{"line":23,"column":14},"end":{"line":23,"column":21}},"17":{"start":{"line":25,"column":2},"end":{"line":25,"column":76}},"18":{"start":{"line":25,"column":25},"end":{"line":25,"column":76}},"19":{"start":{"line":27,"column":2},"end":{"line":46,"column":1}},"20":{"start":{"line":28,"column":2},"end":{"line":28,"column":45}},"21":{"start":{"line":29,"column":2},"end":{"line":29,"column":44}},"22":{"start":{"line":30,"column":2},"end":{"line":30,"column":48}},"23":{"start":{"line":31,"column":2},"end":{"line":31,"column":39}},"24":{"start":{"line":35,"column":2},"end":{"line":45,"column":3}},"25":{"start":{"line":36,"column":4},"end":{"line":36,"column":58}},"26":{"start":{"line":37,"column":4},"end":{"line":42,"column":8}},"27":{"start":{"line":44,"column":4},"end":{"line":44,"column":41}},"28":{"start":{"line":48,"column":2},"end":{"line":53,"column":3}},"29":{"start":{"line":49,"column":4},"end":{"line":52,"column":6}}},"fnMap":{"0":{"name":"safeJSON","decl":{"start":{"line":5,"column":9},"end":{"line":5,"column":17}},"loc":{"start":{"line":5,"column":23},"end":{"line":8,"column":1}},"line":5},"1":{"name":"(anonymous_1)","decl":{"start":{"line":12,"column":21},"end":{"line":12,"column":22}},"loc":{"start":{"line":12,"column":27},"end":{"line":17,"column":1}},"line":12},"2":{"name":"(anonymous_2)","decl":{"start":{"line":19,"column":21},"end":{"line":19,"column":22}},"loc":{"start":{"line":19,"column":43},"end":{"line":54,"column":1}},"line":19}},"branchMap":{"0":{"loc":{"start":{"line":23,"column":2},"end":{"line":23,"column":21}},"type":"if","locations":[{"start":{"line":23,"column":2},"end":{"line":23,"column":21}},{"start":{},"end":{}}],"line":23},"1":{"loc":{"start":{"line":25,"column":2},"end":{"line":25,"column":76}},"type":"if","locations":[{"start":{"line":25,"column":2},"end":{"line":25,"column":76}},{"start":{},"end":{}}],"line":25},"2":{"loc":{"start":{"line":35,"column":2},"end":{"line":45,"column":3}},"type":"if","locations":[{"start":{"line":35,"column":2},"end":{"line":45,"column":3}},{"start":{"line":43,"column":9},"end":{"line":45,"column":3}}],"line":35},"3":{"loc":{"start":{"line":48,"column":2},"end":{"line":53,"column":3}},"type":"if","locations":[{"start":{"line":48,"column":2},"end":{"line":53,"column":3}},{"start":{},"end":{}}],"line":48}},"s":{"0":5,"1":5,"2":5,"3":32137,"4":32137,"5":0,"6":5,"7":5,"8":5,"9":5,"10":5,"11":5,"12":5,"13":32137,"14":32137,"15":32137,"16":0,"17":32137,"18":0,"19":32137,"20":32137,"21":32137,"22":32099,"23":32099,"24":0,"25":0,"26":0,"27":0,"28":31290,"29":31290},"f":{"0":32137,"1":5,"2":32137},"b":{"0":[0,32137],"1":[0,32137],"2":[0,0],"3":[31290,0]},"_coverageSchema":"1a1c01bbd47fc00a2c39e90264f33305004495a9","hash":"ebcff2874043ad6b430499b65e84830690742e5b"}}